(Background on this error at: https://sqlalche.me/e/20/e3q8)
2024-05-28 13:41:51,675 INFO:Data saved to PostgreSQL table team_data_0 successfully
2024-05-28 13:41:53,360 INFO:Data saved to PostgreSQL table team_data_0 successfully
2024-05-28 13:42:14,338 INFO:Data saved to PostgreSQL table team_data_0 successfully
2024-05-28 13:42:16,216 INFO:Data saved to PostgreSQL table team_data_0 successfully
2024-05-28 14:53:40,398 ERROR:Error fetching URL https://www.scrapethissite.com/pages/ajax-javascript/#2015: HTTPSConnectionPool(host='www.scrapethissite.com', port=443): Max retries exceeded with url: /pages/ajax-javascript/ (Caused by NameResolutionError("<urllib3.connection.HTTPSConnection object at 0x000002A960A2F110>: Failed to resolve 'www.scrapethissite.com' ([Errno 11001] getaddrinfo failed)"))
2024-05-28 14:53:40,403 ERROR:Error fetching URL https://www.scrapethissite.com/pages/forms/: HTTPSConnectionPool(host='www.scrapethissite.com', port=443): Max retries exceeded with url: /pages/forms/ (Caused by NameResolutionError("<urllib3.connection.HTTPSConnection object at 0x000002A960A34C10>: Failed to resolve 'www.scrapethissite.com' ([Errno 11001] getaddrinfo failed)"))
2024-05-28 14:53:40,407 ERROR:Error fetching URL https://www.scrapethissite.com/pages/advanced/: HTTPSConnectionPool(host='www.scrapethissite.com', port=443): Max retries exceeded with url: /pages/advanced/ (Caused by NameResolutionError("<urllib3.connection.HTTPSConnection object at 0x000002A960A368D0>: Failed to resolve 'www.scrapethissite.com' ([Errno 11001] getaddrinfo failed)"))
2024-05-28 14:53:43,621 ERROR:Error fetching URL https://www.scrapethissite.com/pages/ajax-javascript/#2015: HTTPSConnectionPool(host='www.scrapethissite.com', port=443): Max retries exceeded with url: /pages/ajax-javascript/ (Caused by NameResolutionError("<urllib3.connection.HTTPSConnection object at 0x000002A960A2FC90>: Failed to resolve 'www.scrapethissite.com' ([Errno 11001] getaddrinfo failed)"))
2024-05-28 14:53:43,625 ERROR:Error fetching URL https://www.scrapethissite.com/pages/forms/: HTTPSConnectionPool(host='www.scrapethissite.com', port=443): Max retries exceeded with url: /pages/forms/ (Caused by NameResolutionError("<urllib3.connection.HTTPSConnection object at 0x000002A960A1BED0>: Failed to resolve 'www.scrapethissite.com' ([Errno 11001] getaddrinfo failed)"))
2024-05-28 14:53:43,628 ERROR:Error fetching URL https://www.scrapethissite.com/pages/advanced/: HTTPSConnectionPool(host='www.scrapethissite.com', port=443): Max retries exceeded with url: /pages/advanced/ (Caused by NameResolutionError("<urllib3.connection.HTTPSConnection object at 0x000002A960A1B710>: Failed to resolve 'www.scrapethissite.com' ([Errno 11001] getaddrinfo failed)"))
2024-05-28 14:54:31,326 ERROR:Error fetching URL https://www.scrapethissite.com/pages/ajax-javascript/#2015: HTTPSConnectionPool(host='www.scrapethissite.com', port=443): Max retries exceeded with url: /pages/ajax-javascript/ (Caused by NameResolutionError("<urllib3.connection.HTTPSConnection object at 0x000002A960A215D0>: Failed to resolve 'www.scrapethissite.com' ([Errno 11001] getaddrinfo failed)"))
2024-05-28 14:54:31,332 ERROR:Error fetching URL https://www.scrapethissite.com/pages/forms/: HTTPSConnectionPool(host='www.scrapethissite.com', port=443): Max retries exceeded with url: /pages/forms/ (Caused by NameResolutionError("<urllib3.connection.HTTPSConnection object at 0x000002A960A22010>: Failed to resolve 'www.scrapethissite.com' ([Errno 11001] getaddrinfo failed)"))
2024-05-28 14:54:31,335 ERROR:Error fetching URL https://www.scrapethissite.com/pages/advanced/: HTTPSConnectionPool(host='www.scrapethissite.com', port=443): Max retries exceeded with url: /pages/advanced/ (Caused by NameResolutionError("<urllib3.connection.HTTPSConnection object at 0x000002A960A19A10>: Failed to resolve 'www.scrapethissite.com' ([Errno 11001] getaddrinfo failed)"))
2024-05-28 15:23:47,634 INFO:Data saved to PostgreSQL table team_data_0 successfully
2024-05-28 15:23:49,755 INFO:Data saved to PostgreSQL table team_data_0 successfully
2024-05-28 15:40:35,234 INFO:Starting to scrape https://www.scrapethissite.com/pages/ajax-javascript/#2015
2024-05-28 15:40:39,413 INFO:Data saved to PostgreSQL table team_data_0 successfully
2024-05-28 15:40:39,414 INFO:Saved data from https://www.scrapethissite.com/pages/ajax-javascript/#2015 to table team_data_0
2024-05-28 15:40:39,414 INFO:Starting to scrape https://www.scrapethissite.com/pages/forms/
2024-05-28 15:40:41,688 INFO:Data saved to PostgreSQL table team_data_0 successfully
2024-05-28 15:40:41,688 INFO:Saved data from https://www.scrapethissite.com/pages/forms/ to table team_data_0
2024-05-28 15:40:41,688 INFO:Starting to scrape https://www.scrapethissite.com/pages/advanced/
